C51 COMPILER V9.01   C_P_2                                                                 01/02/2017 02:31:50 PAGE 1   


C51 COMPILER V9.01, COMPILATION OF MODULE C_P_2
OBJECT MODULE PLACED IN C-P-2.OBJ
COMPILER INVOKED BY: E:\Keil4\C51\BIN\C51.EXE C-P-2.c BROWSE DEBUG OBJECTEXTEND

line level    source

   1          #include<reg52.h>
   2          
   3          //------------延时函数-----------------
   4          void Delayms( unsigned int z )
   5          {
   6   1              unsigned int x;
   7   1              unsigned int y;
   8   1              for( x = z; x > 0; x-- )
   9   1              {
  10   2                      for( y = 110; y > 0; y-- );
  11   2              }
  12   1      }
  13          //----------初始化-------------
  14          void Init()
  15          {
  16   1              //串口设置
  17   1              SCON = 0x50;   //工作方式1
  18   1              PCON = 0;          //波特率不加倍
  19   1              TMOD = 0x20;
  20   1              TH1 = 0xfd;        //11.0592晶振，9600波特率
  21   1              TL1 = TH1;
  22   1              TR1 = 1;
  23   1              REN = 1;
  24   1              ES = 1;         //允许串口中断
  25   1              TI = 0;         //这两条在多个中断中一定要写，不然不能进入串口中断
  26   1              EA = 1;
  27   1      }
  28          
  29          //--------------------字符串枚举-----------------
  30          enum order{w,s,a,d} sign;
  31          
  32          //--------------------动作函数-----------------
  33          void Action(sign)               
  34          {
  35   1              switch(sign)
  36   1              {
  37   2                      case w:
  38   2                      {
  39   3                              P1=0xfe;
  40   3                              Delayms(1000);
  41   3                              P1=0xff;
  42   3                      }
  43   2                      case s:
  44   2                      {
  45   3                              P1=0xfd;
  46   3                              Delayms(1000);
  47   3                              P1=0xff;
  48   3                      }
  49   2                      case a:
  50   2                      {
  51   3                              P1=0xfb;
  52   3                              Delayms(1000);
  53   3                              P1=0xff;
  54   3                      }
  55   2                      case d:
C51 COMPILER V9.01   C_P_2                                                                 01/02/2017 02:31:50 PAGE 2   

  56   2                      {
  57   3                              P1=0xf7;
  58   3                              Delayms(1000);
  59   3                              P1=0xff;
  60   3                      }
  61   2              }
  62   1      }
  63          
  64          void StandingAction(sign)
  65          {
  66   1              switch(sign)
  67   1              {
  68   2                      case w:P1=0xfe;
  69   2                      case s:P1=0xfd;
  70   2                      case a:P1=0xfb;
  71   2                      case d:P1=0xf7;
  72   2              }
  73   1      }
  74          
  75          //---------------------动作组判定----------------
  76          unsigned char Buff[2];     //串口缓存
  77          
  78          void Verify()
  79          {
  80   1              if (Buff[0]==Buff[1])
  81   1                      StandingAction(Buff[0]);
  82   1              else
  83   1                      Action(Buff[0]);
  84   1      }
  85          //------------串口接收--------------------------------
  86          unsigned int WaitTime = 0; //串口等待接收的时间计数
  87          void Receive() interrupt 4 using 1              
  88          //中断0 外部中断0；中断1 定时器1中断；中断2 外部中断1；中断3 定时器2中断；中断4 串口中断
  89          //using 0 是第0组寄存器。using 1 是第1组寄存器。using 2 是第2组寄存器。using 3 是第3组寄存器。
  90          {
  91   1              unsigned char i;
  92   1              WaitTime = 0;
  93   1              P1 = 0;
  94   1              if(RI)
  95   1              {
  96   2                      for(i = 0; i < 2; i++)
  97   2                      {
  98   3                              while(!RI)              //循环检测
  99   3                              {               // 防止因为发送端出错而造成卡死
 100   4                                      WaitTime++;
 101   4                                      if(WaitTime > 65500)
 102   4                                      {
 103   5                                              break;
 104   5                                      }
 105   4                              }
 106   3                              WaitTime = 0;
 107   3      
 108   3                              Buff[i] = SBUF;         //SBUF串口寄存器,两个
 109   3                              RI = 0;
 110   3                      }
 111   2                      Verify();
 112   2              }
 113   1      }
 114          
 115          void main(void)
 116          {
 117   1              Init();
C51 COMPILER V9.01   C_P_2                                                                 01/02/2017 02:31:50 PAGE 3   

 118   1      
 119   1              while(1)
 120   1              {
 121   2                      
 122   2              }
 123   1      }
 124          


MODULE INFORMATION:   STATIC OVERLAYABLE
   CODE SIZE        =    261    ----
   CONSTANT SIZE    =   ----    ----
   XDATA SIZE       =   ----    ----
   PDATA SIZE       =   ----    ----
   DATA SIZE        =      5       1
   IDATA SIZE       =   ----    ----
   BIT SIZE         =   ----    ----
END OF MODULE INFORMATION.


C51 COMPILATION COMPLETE.  0 WARNING(S),  0 ERROR(S)
