C51 COMPILER V9.01   C_P_1                                                                 01/01/2017 22:00:19 PAGE 1   


C51 COMPILER V9.01, COMPILATION OF MODULE C_P_1
OBJECT MODULE PLACED IN C-P-1.OBJ
COMPILER INVOKED BY: E:\Keil4\C51\BIN\C51.EXE C-P-1.c BROWSE DEBUG OBJECTEXTEND

line level    source

   1          #include<reg52.h>
   2          
   3          //------------延时函数-----------------
   4          void Delayms( unsigned int z )
   5          {
   6   1              unsigned int x;
   7   1              unsigned int y;
   8   1              for( x = z; x > 0; x-- )
   9   1              {
  10   2                      for( y = 110; y > 0; y-- );
  11   2              }
  12   1      }
  13          //----------初始化-------------
  14          void Init()
  15          {
  16   1              //串口设置
  17   1              SCON = 0x50;   //工作方式1
  18   1              PCON = 0;          //波特率不加倍
  19   1              TMOD = 0x20;
  20   1              TH1 = 0xfd;        //11.0592晶振，9600波特率
  21   1              TL1 = TH1;
  22   1              TR1 = 1;
  23   1              REN = 1;
  24   1              ES = 1;         //允许串口中断
  25   1              TI = 0;         //这两条在多个中断中一定要写，不然不能进入串口中断
  26   1              EA = 1;
  27   1      }
  28          
  29          //--------------------动作函数-----------------
  30          void Action()           
  31          {
  32   1              P1 = 0xf0;
  33   1              Delayms(1500);
  34   1              P1 = 0x0f;
  35   1              Delayms(1000);
  36   1      
  37   1      }
  38          
  39          //---------------------标识码判定----------------
  40          unsigned char Buff[3];     //串口缓存
  41          unsigned char Order[3] = {'1','2','3'};
  42          
  43          void Verify()           
  44          {
  45   1              if(Buff[0] == Order[0])
  46   1              {
  47   2                       if(Buff[1] == Order[1])
  48   2                       {
  49   3                               if(Buff[2] == Order[2])
  50   3                               {
  51   4                                      Action();
  52   4                               }
  53   3                       }
  54   2              }
  55   1      }
C51 COMPILER V9.01   C_P_1                                                                 01/01/2017 22:00:19 PAGE 2   

  56          
  57          //------------串口接收--------------------------------
  58          unsigned int WaitTime = 0; //串口等待接收的时间计数
  59          void Receive() interrupt 4 using 1              
  60          //中断0 外部中断0；中断1 定时器1中断；中断2 外部中断1；中断3 定时器2中断；中断4 串口中断
  61          //using 0 是第0组寄存器。using 1 是第1组寄存器。using 2 是第2组寄存器。using 3 是第3组寄存器。
  62          {
  63   1              unsigned char i;
  64   1              WaitTime = 0;
  65   1              P1 = 0;
  66   1              if(RI)
  67   1              {
  68   2                      for(i = 0; i < 3; i++)
  69   2                      {
  70   3                              while(!RI)              //循环检测
  71   3                              {               // 防止因为发送端出错而造成卡死
  72   4                                      WaitTime++;
  73   4                                      if(WaitTime > 65500)
  74   4                                      {
  75   5                                              break;
  76   5                                      }
  77   4                              }
  78   3                              WaitTime = 0;
  79   3      
  80   3                              Buff[i] = SBUF;         //SBUF串口寄存器,两个
  81   3                              RI = 0;
  82   3                      }
  83   2                      Verify();
  84   2              }
  85   1      }
  86          
  87          void main(void)
  88          {
  89   1              Init();
  90   1      
  91   1              while(1)
  92   1              {
  93   2                      
  94   2              }
  95   1      }
  96          


MODULE INFORMATION:   STATIC OVERLAYABLE
   CODE SIZE        =    193    ----
   CONSTANT SIZE    =   ----    ----
   XDATA SIZE       =   ----    ----
   PDATA SIZE       =   ----    ----
   DATA SIZE        =      8       1
   IDATA SIZE       =   ----    ----
   BIT SIZE         =   ----    ----
END OF MODULE INFORMATION.


C51 COMPILATION COMPLETE.  0 WARNING(S),  0 ERROR(S)
