C51 COMPILER V9.00   MAIN                                                                  02/11/2017 19:24:51 PAGE 1   


C51 COMPILER V9.00, COMPILATION OF MODULE MAIN
OBJECT MODULE PLACED IN .\Objects\main.obj
COMPILER INVOKED BY: E:\Keil5 C51\C51\BIN\C51.EXE main.c OPTIMIZE(8,SPEED) BROWSE DEBUG OBJECTEXTEND PRINT(.\Listings\ma
                    -in.lst) OBJECT(.\Objects\main.obj)

line level    source

   1          #include <stc89c52.h>
   2          #include <string.h>
   3          
   4          sbit key1=P3^4;
   5          
   6          unsigned int xdata num[7];
   7          unsigned int display_ctr=0;     // 数码管显示循环控制
   8          unsigned int sending=0,new_signal=0;        //sending用于缓解串口数据发送较慢的情况,new_sig
             -nal用于判断是否有新数据进入
   9          unsigned int sign=0;
  10          unsigned char Action_Buff='q';
  11          
  12          #include"digital_led.h"     //调用数码管部分
  13          extern struct Queue RBuff;     //digital_led.h
  14          extern void InitQueue(struct Queue *Q);     //循环队列初始化
  15          extern unsigned char SerQueue(struct Queue *Q,int r);       // r为所要查找的当前位置
  16          extern void char_to_int();     //字符转整型数字并输出
  17          
  18          #include"ESP8266.h"
  19          extern void Init_ESP8266();
  20          
  21          
  22          struct Queue RBuff;     //Rbuff是一个静态循环队列/字符数组
  23          
  24          //------------Chip初始化-----------------
  25          void Init()
  26          {
  27   1              //AUXR &= 0xFB;         //定时器2时钟为Fosc/12,即12T,T2在预分频禁止时默认为12分频
  28   1              //AUXR |= 0x01;         //串口1选择定时器2为波特率发生器,已经在T2CON设置R/TCLK
  29   1      
  30   1              RCAP2H = 0xff;  //T2高8位重载值
  31   1              RCAP2L = 0xdc;  //T2低8位重载值
  32   1              TH2 = RCAP2H;   //T2初值
  33   1              TL2 = RCAP2L;   //T2初值     
  34   1                      
  35   1              PCON = 0;       //波特率不加倍    
  36   1              T2CON = 0x34;   //T2控制设置,在R/TCLK确定T2作为串口波特率产生器 TF2 EXF2 (RCLK) (TCLK) EXE
             -N2 (TR2) C/T2 CP/RL2
  37   1              T2MOD = 0x01;   //T2模式设置, D7 D6 D5 D4 D3 D2 T2OE(输出到P1.0) DCEN(向下计数允许)
  38   1              SCON = 0x50;        //串口工作方式1,8位数据,可变波特率
  39   1              REN = 1;        //启用串口接收
  40   1      
  41   1              /*--------------------Timer1--------------------------------*/
  42   1              TMOD = 0x10;    //定时器1,工作模式1(16位)
  43   1              TH1=(65536-46080)/256;          //所记次数应为46080,计时器每隔50000us即50ms发起一次中断
  44   1              TL1=(65536-46080)%256;          //46080=50000*11.0592/12
  45   1              TR1 = 1;        //打开定时器1
  46   1      
  47   1              /*-------------------interrupt_control----------------------*/
  48   1              ES = 0;//先关闭串口中断,WIFI模块初始化后再打开
  49   1              TI = 0;//串口输出中断需先置0避免引起冲突
  50   1              EA = 1;//开启总中断
  51   1      }
  52          
C51 COMPILER V9.00   MAIN                                                                  02/11/2017 19:24:51 PAGE 2   

  53          void main(void)
  54          {
  55   1              Init();
  56   1              Delayms(2000);
  57   1              //Init_ESP8266();
  58   1              TI = 1;
  59   1              ES=1;
  60   1              InitQueue(&RBuff);
  61   1              while(1)  //不让主函数循环执行并且循环检测（查询方式）
  62   1              {
  63   2                      if(SBUF== '@' && new_signal)    //if(SerQueue(&RBuff,RBuff.rear) == '@' && new_signal)
  64   2                      {
  65   3                              char_to_int();
  66   3                      }
  67   2                      if(key1 == 0)
  68   2                      {
  69   3                              P1=0x00;
  70   3                              Init_ESP8266();
  71   3                              P1=0xff;
  72   3                      }
  73   2              }       
  74   1      }


MODULE INFORMATION:   STATIC OVERLAYABLE
   CODE SIZE        =   1466    ----
   CONSTANT SIZE    =    102    ----
   XDATA SIZE       =     56    ----
   PDATA SIZE       =   ----    ----
   DATA SIZE        =     33      41
   IDATA SIZE       =   ----    ----
   BIT SIZE         =   ----    ----
END OF MODULE INFORMATION.


C51 COMPILATION COMPLETE.  0 WARNING(S),  0 ERROR(S)
