C51 COMPILER V9.01   WIFICAR_3                                                             01/02/2017 17:05:45 PAGE 1   


C51 COMPILER V9.01, COMPILATION OF MODULE WIFICAR_3
OBJECT MODULE PLACED IN WifiCar-3.OBJ
COMPILER INVOKED BY: E:\Keil4\C51\BIN\C51.EXE WifiCar-3.c OPTIMIZE(0,SPEED) BROWSE DEBUG OBJECTEXTEND

line level    source

   1          
   2          #include<reg52.h>
   3          #include<string.h>
   4          
   5          //------------延时函数-----------------
   6          void Delayms( unsigned int z )
   7          {
   8   1              unsigned int x;
   9   1              unsigned int y;
  10   1              for( x = z; x > 0; x-- )
  11   1              {
  12   2                      for( y = 110; y > 0; y-- );
  13   2              }
  14   1      }
  15          //----------初始化-------------
  16          void Init()
  17          {
  18   1              //串口设置
  19   1              SCON = 0x50;   //工作方式1
  20   1              PCON = 0;          //波特率不加倍
  21   1              TMOD = 0x20;
  22   1              TH1 = 0xfd;        //11.0592晶振，9600波特率
  23   1              TL1 = TH1;
  24   1              TR1 = 1;
  25   1              REN = 1;
  26   1              ES = 1;         //允许串口中断
  27   1              TI = 0;         //这两条在多个中断中一定要写，不然不能进入串口中断
  28   1              EA = 1;
  29   1      }
  30          
  31          //--------------------字符串枚举-----------------
  32          //enum symbolstruct{w,s,a,d} sign;
  33          int sign=0;
  34          
  35          unsigned char Buff[2];     //串口缓存
  36          unsigned char order[6]={'w','s','a','d','q','b'};               //q是动作锁定
  37          
  38          
  39          //--------------------动作函数-----------------
  40          void Action()           //瞬时动作
  41          {
  42   1              switch(sign)
  43   1              {
  44   2                      case 1:
  45   2                      {
  46   3                              P1=0xfe;
  47   3                              Delayms(2000);
  48   3                              P1=0xff;
  49   3                              break;
  50   3                      }
  51   2                      case 2:
  52   2                      {
  53   3                              P1=0xfd;
  54   3                              Delayms(2000);
  55   3                              P1=0xff;
C51 COMPILER V9.01   WIFICAR_3                                                             01/02/2017 17:05:45 PAGE 2   

  56   3                              break;
  57   3                      }
  58   2                      case 3:
  59   2                      {
  60   3                              P1=0xfb;
  61   3                              Delayms(2000);
  62   3                              P1=0xff;
  63   3                              break;
  64   3                      }
  65   2                      case 4:
  66   2                      {
  67   3                              P1=0xf7;
  68   3                              Delayms(2000);
  69   3                              P1=0xff;
  70   3                              break;
  71   3                      }
  72   2                      default:
  73   2                              break;
  74   2              }
  75   1      }
  76          
  77          void StandingAction()           //运动保持
  78          {
  79   1              switch(sign)
  80   1              {
  81   2                      case 1:
  82   2                      {
  83   3                              P1=0xfe;
  84   3                              break;
  85   3                      }
  86   2                      case 2:
  87   2                      {
  88   3                              P1=0xfd;
  89   3                              break;
  90   3                      }
  91   2                      case 3:
  92   2                      {
  93   3                              P1=0xfb;
  94   3                              break;
  95   3                      }
  96   2                      case 4:
  97   2                      {
  98   3                              P1=0xf7;
  99   3                              break;
 100   3                      }
 101   2              }
 102   1      } 
 103          
 104          //---------------------------蜂鸣器---------------
 105          sbit P2_3=P2^3;         //必须这样定义
 106          void Beep()
 107          {
 108   1              P2_3=0;         //P2.3为蜂鸣器管教
 109   1              Delayms(1000);
 110   1              P2_3=1;
 111   1      }
 112          
 113          //---------------------动作组判定及信号识别-----------
 114          
 115          void Verify()
 116          {               
 117   1                      if (Buff[0] == order[0])                //第一个指令检测
C51 COMPILER V9.01   WIFICAR_3                                                             01/02/2017 17:05:45 PAGE 3   

 118   1                      {
 119   2                              sign=1;
 120   2                              if (Buff[1] == order[4])                //第二个指令相同，实现运动保持
 121   2                                      StandingAction();
 122   2                              else Action();          //否则为瞬时动作
 123   2                      }
 124   1      
 125   1                      else if (Buff[0] == order[1]) 
 126   1                      {
 127   2                              sign=2;
 128   2                              if (Buff[1] == order[4])
 129   2                                              StandingAction();
 130   2                              else Action();
 131   2                      }
 132   1      
 133   1                              else if (Buff[0] == order[2]) 
 134   1                              {
 135   2                                      sign=3;
 136   2                                      if (Buff[1] == order[4])
 137   2                                              StandingAction();
 138   2                                      else Action();
 139   2                              }
 140   1      
 141   1                                      else if (Buff[0] == order[3]) 
 142   1                                      {
 143   2                                              sign=4;
 144   2                                              if (Buff[1] == order[4])
 145   2                                                      StandingAction();
 146   2                                              else Action();
 147   2                                      }
 148   1                                              else if(Buff[0] == order[5])
 149   1                                              {
 150   2                                                      Beep();
 151   2                                              }
 152   1                      memset(Buff,0,2);               //Buff数组置0，避免干扰
 153   1      }
 154          
 155          //------------串口接收--------------------------------
 156          unsigned int WaitTime = 0; //串口等待接收的时间计数
 157          void Receive() interrupt 4 using 1              
 158          //中断0 外部中断0；中断1 定时器1中断；中断2 外部中断1；中断3 定时器2中断；中断4 串口中断
 159          //using 0 是第0组寄存器。using 1 是第1组寄存器。using 2 是第2组寄存器。using 3 是第3组寄存器。
 160          {
 161   1              unsigned char i;
 162   1              WaitTime = 0;
 163   1              P1 = 0xff;
 164   1              if(RI)
 165   1              {
 166   2                      for(i = 0; i < 2; i++)
 167   2                      {
 168   3                              while(!RI)              //循环检测
 169   3                              {               // 防止因为发送端出错而造成卡死
 170   4                                      WaitTime++;
 171   4                                      if(WaitTime > 2000)             //原始值65500，这个地方和反应速度有关
 172   4                                      {
 173   5                                              //i=2;          //神技啊！！通过延时检测直接跳出for循环  (不行啊）
 174   5                                              break;          //超时跳出while循环，即跳出中断及寄存器sbuf检测
 175   5                                      }
 176   4                              }
 177   3                              WaitTime = 0;
 178   3      
 179   3                              Buff[i] = SBUF;         //SBUF串口寄存器,两个,99H,物理上相互独立
C51 COMPILER V9.01   WIFICAR_3                                                             01/02/2017 17:05:45 PAGE 4   

 180   3                              RI = 0;          //中断回置0
 181   3                      }
 182   2                      Verify();
 183   2              }
 184   1      }
 185          
 186          void main(void)
 187          {
 188   1              Init();
 189   1      
 190   1              while(1)
 191   1              {
 192   2                      
 193   2              }
 194   1      }


MODULE INFORMATION:   STATIC OVERLAYABLE
   CODE SIZE        =    454    ----
   CONSTANT SIZE    =   ----    ----
   XDATA SIZE       =   ----    ----
   PDATA SIZE       =   ----    ----
   DATA SIZE        =     19    ----
   IDATA SIZE       =   ----    ----
   BIT SIZE         =   ----    ----
END OF MODULE INFORMATION.


C51 COMPILATION COMPLETE.  0 WARNING(S),  0 ERROR(S)
